app/build/intermediates/manifest_merge_blame_file/release/manifest-merger-blame-release-report.txt
1<?xml version="1.0" encoding="utf-8"?>
2<manifest xmlns:android="http://schemas.android.com/apk/res/android"
3    package="com.smartdriver"
4    android:versionCode="1"
5    android:versionName="1.0" >
6
7    <uses-sdk
8        android:minSdkVersion="21"
8-->src\main\AndroidManifest.xml
9        android:targetSdkVersion="31" />
9-->src\main\AndroidManifest.xml
10
11    <uses-permission android:name="android.permission.INTERNET" />
11-->src\main\AndroidManifest.xml:4:5-67
11-->src\main\AndroidManifest.xml:4:22-64
12    <uses-permission android:name="android.permission.CAMERA" />
12-->src\main\AndroidManifest.xml:5:1-60
12-->src\main\AndroidManifest.xml:5:18-58
13    <uses-permission android:name="android.permission.WRITE_EXTERNAL_STORAGE" />
13-->src\main\AndroidManifest.xml:6:1-76
13-->src\main\AndroidManifest.xml:6:18-74
14    <uses-permission android:name="android.permission.ACCESS_COARSE_LOCATION" />
14-->src\main\AndroidManifest.xml:7:1-77
14-->src\main\AndroidManifest.xml:7:18-74
15    <uses-permission android:name="android.permission.ACCESS_FINE_LOCATION" />
15-->src\main\AndroidManifest.xml:8:5-79
15-->src\main\AndroidManifest.xml:8:22-76
16
17    <meta-data
17-->src\main\AndroidManifest.xml:9:7-11:66
18        android:name="com.google.android.geo.API_KEY"
18-->src\main\AndroidManifest.xml:10:9-54
19        android:value="AIzaSyBQVgoudcvvii3etOXLF5fOiRIP881jxz8" />
19-->src\main\AndroidManifest.xml:11:9-64
20
21    <uses-permission android:name="android.permission.MODIFY_AUDIO_SETTINGS" />
21-->src\main\AndroidManifest.xml:12:5-80
21-->src\main\AndroidManifest.xml:12:22-77
22    <uses-permission android:name="android.permission.RECORD_AUDIO" />
22-->src\main\AndroidManifest.xml:13:5-71
22-->src\main\AndroidManifest.xml:13:22-68
23
24    <uses-feature
24-->src\main\AndroidManifest.xml:14:5-85
25        android:name="android.hardware.camera"
25-->src\main\AndroidManifest.xml:14:19-57
26        android:required="true" />
26-->src\main\AndroidManifest.xml:14:58-82
27    <uses-feature
27-->src\main\AndroidManifest.xml:15:5-95
28        android:name="android.hardware.camera.autofocus"
28-->src\main\AndroidManifest.xml:15:19-67
29        android:required="true" />
29-->src\main\AndroidManifest.xml:15:68-92
30    <uses-feature
30-->src\main\AndroidManifest.xml:16:5-89
31        android:name="android.hardware.microphone"
31-->src\main\AndroidManifest.xml:16:19-61
32        android:required="false" />
32-->src\main\AndroidManifest.xml:16:62-86
33
34    <uses-permission android:name="android.permission.WAKE_LOCK" />
34-->[:react-native-firebase_messaging] AndroidManifest.xml:10:5-68
34-->[:react-native-firebase_messaging] AndroidManifest.xml:10:22-65
35    <uses-permission android:name="android.permission.ACCESS_NETWORK_STATE" />
35-->[:react-native-firebase_messaging] AndroidManifest.xml:11:5-79
35-->[:react-native-firebase_messaging] AndroidManifest.xml:11:22-76
36
37    <uses-feature
37-->[:react-native-twilio-video-webrtc] AndroidManifest.xml:11:5-13:35
38        android:glEsVersion="0x00020000"
38-->[:react-native-twilio-video-webrtc] AndroidManifest.xml:12:9-41
39        android:required="true" />
39-->[:react-native-twilio-video-webrtc] AndroidManifest.xml:13:9-32
40
41    <uses-permission android:name="android.permission.ACCESS_WIFI_STATE" />
41-->[:react-native-twilio-video-webrtc] AndroidManifest.xml:20:5-76
41-->[:react-native-twilio-video-webrtc] AndroidManifest.xml:20:22-73
42    <uses-permission android:name="android.permission.BLUETOOTH_ADMIN" />
42-->[:react-native-twilio-video-webrtc] AndroidManifest.xml:21:5-74
42-->[:react-native-twilio-video-webrtc] AndroidManifest.xml:21:22-71
43    <uses-permission android:name="android.permission.BLUETOOTH" /> <!-- See https://developer.android.com/training/package-visibility/declaring for more details. -->
43-->[:react-native-twilio-video-webrtc] AndroidManifest.xml:22:5-68
43-->[:react-native-twilio-video-webrtc] AndroidManifest.xml:22:22-65
44    <queries>
44-->[com.stripe:financial-connections:20.3.0] AndroidManifest.xml:12:5-20:15
45
46        <!-- Added to check the default browser that will host the AuthFlow. -->
47        <intent>
47-->[com.stripe:financial-connections:20.3.0] AndroidManifest.xml:15:9-19:18
48            <action android:name="android.intent.action.VIEW" />
48-->[com.stripe:financial-connections:20.3.0] AndroidManifest.xml:16:13-65
48-->[com.stripe:financial-connections:20.3.0] AndroidManifest.xml:16:21-62
49
50            <data android:scheme="http" />
50-->[com.stripe:financial-connections:20.3.0] AndroidManifest.xml:18:13-43
50-->[com.stripe:financial-connections:20.3.0] AndroidManifest.xml:18:19-40
51        </intent>
52        <!-- Added to check if Chrome is installed for browser-based payment authentication (e.g. 3DS1). -->
53        <package android:name="com.android.chrome" /> <!-- Needs to be explicitly declared on Android R+ -->
53-->[com.stripe:payments-core:20.3.0] AndroidManifest.xml:13:9-54
53-->[com.stripe:payments-core:20.3.0] AndroidManifest.xml:13:18-51
54        <package android:name="com.google.android.apps.maps" />
54-->[com.google.android.gms:play-services-maps:18.0.2] AndroidManifest.xml:33:9-64
54-->[com.google.android.gms:play-services-maps:18.0.2] AndroidManifest.xml:33:18-61
55    </queries> <!-- Required by older versions of Google Play services to create IID tokens -->
56    <uses-permission android:name="com.google.android.c2dm.permission.RECEIVE" />
56-->[com.google.firebase:firebase-messaging:23.0.5] AndroidManifest.xml:28:5-82
56-->[com.google.firebase:firebase-messaging:23.0.5] AndroidManifest.xml:28:22-79
57    <uses-permission android:name="android.permission.RECEIVE_BOOT_COMPLETED" />
57-->[androidx.work:work-runtime:2.7.1] AndroidManifest.xml:27:5-81
57-->[androidx.work:work-runtime:2.7.1] AndroidManifest.xml:27:22-78
58    <uses-permission android:name="android.permission.FOREGROUND_SERVICE" />
58-->[androidx.work:work-runtime:2.7.1] AndroidManifest.xml:28:5-77
58-->[androidx.work:work-runtime:2.7.1] AndroidManifest.xml:28:22-74
59    <uses-permission android:name="android.permission.VIBRATE" />
59-->[app.notifee:core:202108261754] AndroidManifest.xml:12:5-66
59-->[app.notifee:core:202108261754] AndroidManifest.xml:12:22-63
60    <uses-permission android:name="android.permission.USE_FULL_SCREEN_INTENT" />
60-->[app.notifee:core:202108261754] AndroidManifest.xml:15:5-81
60-->[app.notifee:core:202108261754] AndroidManifest.xml:15:22-78
61    <uses-permission android:name="android.permission.SCHEDULE_EXACT_ALARM" />
61-->[app.notifee:core:202108261754] AndroidManifest.xml:16:5-79
61-->[app.notifee:core:202108261754] AndroidManifest.xml:16:22-76
62    <uses-permission
62-->[app.notifee:core:202108261754] AndroidManifest.xml:17:5-19:38
63        android:name="android.permission.BROADCAST_CLOSE_SYSTEM_DIALOGS"
63-->[app.notifee:core:202108261754] AndroidManifest.xml:18:9-73
64        android:maxSdkVersion="30" />
64-->[app.notifee:core:202108261754] AndroidManifest.xml:19:9-35
65
66    <application
66-->src\main\AndroidManifest.xml:18:5-40:19
67        android:name="com.smartdriver.MainApplication"
67-->src\main\AndroidManifest.xml:19:7-38
68        android:allowBackup="false"
68-->src\main\AndroidManifest.xml:23:7-34
69        android:appComponentFactory="androidx.core.app.CoreComponentFactory"
69-->[androidx.core:core:1.7.0] AndroidManifest.xml:24:18-86
70        android:icon="@mipmap/ic_launcher"
70-->src\main\AndroidManifest.xml:21:7-41
71        android:label="@string/app_name"
71-->src\main\AndroidManifest.xml:20:7-39
72        android:roundIcon="@mipmap/ic_launcher_round"
72-->src\main\AndroidManifest.xml:22:7-52
73        android:theme="@style/AppTheme" >
73-->src\main\AndroidManifest.xml:24:7-38
74        <meta-data
74-->src\main\AndroidManifest.xml:9:7-11:66
75            android:name="com.google.android.geo.API_KEY"
75-->src\main\AndroidManifest.xml:10:9-54
76            android:value="AIzaSyBQVgoudcvvii3etOXLF5fOiRIP881jxz8" />
76-->src\main\AndroidManifest.xml:11:9-64
77
78        <activity
78-->src\main\AndroidManifest.xml:28:7-39:18
79            android:name="com.smartdriver.MainActivity"
79-->src\main\AndroidManifest.xml:29:9-37
80            android:configChanges="keyboard|keyboardHidden|orientation|screenSize|uiMode"
80-->src\main\AndroidManifest.xml:32:9-86
81            android:exported="true"
81-->src\main\AndroidManifest.xml:30:9-32
82            android:label="@string/app_name"
82-->src\main\AndroidManifest.xml:31:9-41
83            android:launchMode="singleTask"
83-->src\main\AndroidManifest.xml:33:9-40
84            android:windowSoftInputMode="adjustResize" >
84-->src\main\AndroidManifest.xml:34:9-51
85            <intent-filter>
85-->src\main\AndroidManifest.xml:35:9-38:25
86                <action android:name="android.intent.action.MAIN" />
86-->src\main\AndroidManifest.xml:36:13-65
86-->src\main\AndroidManifest.xml:36:21-62
87
88                <category android:name="android.intent.category.LAUNCHER" />
88-->src\main\AndroidManifest.xml:37:13-73
88-->src\main\AndroidManifest.xml:37:23-70
89            </intent-filter>
90        </activity>
91
92        <provider
92-->[:notifee_react-native] AndroidManifest.xml:10:9-14:40
93            android:name="io.invertase.notifee.NotifeeInitProvider"
93-->[:notifee_react-native] AndroidManifest.xml:11:13-68
94            android:authorities="com.smartdriver.notifee-init-provider"
94-->[:notifee_react-native] AndroidManifest.xml:12:13-73
95            android:exported="false"
95-->[:notifee_react-native] AndroidManifest.xml:13:13-37
96            android:initOrder="-100" />
96-->[:notifee_react-native] AndroidManifest.xml:14:13-37
97
98        <service android:name="io.invertase.firebase.messaging.ReactNativeFirebaseMessagingHeadlessService" />
98-->[:react-native-firebase_messaging] AndroidManifest.xml:14:9-111
98-->[:react-native-firebase_messaging] AndroidManifest.xml:14:18-108
99        <service
99-->[:react-native-firebase_messaging] AndroidManifest.xml:15:9-21:19
100            android:name="io.invertase.firebase.messaging.ReactNativeFirebaseMessagingService"
100-->[:react-native-firebase_messaging] AndroidManifest.xml:16:13-95
101            android:exported="false" >
101-->[:react-native-firebase_messaging] AndroidManifest.xml:17:13-37
102            <intent-filter>
102-->[:react-native-firebase_messaging] AndroidManifest.xml:18:13-20:29
103                <action android:name="com.google.firebase.MESSAGING_EVENT" />
103-->[:react-native-firebase_messaging] AndroidManifest.xml:19:17-78
103-->[:react-native-firebase_messaging] AndroidManifest.xml:19:25-75
104            </intent-filter>
105        </service>
106
107        <receiver
107-->[:react-native-firebase_messaging] AndroidManifest.xml:23:9-30:20
108            android:name="io.invertase.firebase.messaging.ReactNativeFirebaseMessagingReceiver"
108-->[:react-native-firebase_messaging] AndroidManifest.xml:24:13-96
109            android:exported="true"
109-->[:react-native-firebase_messaging] AndroidManifest.xml:25:13-36
110            android:permission="com.google.android.c2dm.permission.SEND" >
110-->[:react-native-firebase_messaging] AndroidManifest.xml:26:13-73
111            <intent-filter>
111-->[:react-native-firebase_messaging] AndroidManifest.xml:27:13-29:29
112                <action android:name="com.google.android.c2dm.intent.RECEIVE" />
112-->[:react-native-firebase_messaging] AndroidManifest.xml:28:17-81
112-->[:react-native-firebase_messaging] AndroidManifest.xml:28:25-78
113            </intent-filter>
114        </receiver>
115
116        <meta-data
116-->[:react-native-firebase_messaging] AndroidManifest.xml:32:9-34:36
117            android:name="firebase_messaging_auto_init_enabled"
117-->[:react-native-firebase_messaging] AndroidManifest.xml:33:13-64
118            android:value="true" />
118-->[:react-native-firebase_messaging] AndroidManifest.xml:34:13-33
119        <meta-data
119-->[:react-native-firebase_messaging] AndroidManifest.xml:35:9-37:32
120            android:name="com.google.firebase.messaging.default_notification_channel_id"
120-->[:react-native-firebase_messaging] AndroidManifest.xml:36:13-89
121            android:value="" />
121-->[:react-native-firebase_messaging] AndroidManifest.xml:37:13-29
122        <meta-data
122-->[:react-native-firebase_messaging] AndroidManifest.xml:38:9-40:47
123            android:name="com.google.firebase.messaging.default_notification_color"
123-->[:react-native-firebase_messaging] AndroidManifest.xml:39:13-84
124            android:resource="@color/white" />
124-->[:react-native-firebase_messaging] AndroidManifest.xml:40:13-44
125        <meta-data
125-->[:react-native-firebase_app] AndroidManifest.xml:10:9-12:36
126            android:name="app_data_collection_default_enabled"
126-->[:react-native-firebase_app] AndroidManifest.xml:11:13-63
127            android:value="true" />
127-->[:react-native-firebase_app] AndroidManifest.xml:12:13-33
128
129        <service
129-->[:react-native-firebase_app] AndroidManifest.xml:14:9-18:19
130            android:name="com.google.firebase.components.ComponentDiscoveryService"
130-->[:react-native-firebase_app] AndroidManifest.xml:14:18-89
131            android:directBootAware="true"
131-->[com.google.firebase:firebase-common:20.1.1] AndroidManifest.xml:35:13-43
132            android:exported="false" >
132-->[com.google.firebase:firebase-messaging:23.0.5] AndroidManifest.xml:54:13-37
133            <meta-data
133-->[:react-native-firebase_app] AndroidManifest.xml:15:13-17:85
134                android:name="com.google.firebase.components:io.invertase.firebase.app.ReactNativeFirebaseAppRegistrar"
134-->[:react-native-firebase_app] AndroidManifest.xml:16:17-120
135                android:value="com.google.firebase.components.ComponentRegistrar" />
135-->[:react-native-firebase_app] AndroidManifest.xml:17:17-82
136            <meta-data
136-->[com.google.firebase:firebase-messaging:23.0.5] AndroidManifest.xml:55:13-57:85
137                android:name="com.google.firebase.components:com.google.firebase.messaging.FirebaseMessagingRegistrar"
137-->[com.google.firebase:firebase-messaging:23.0.5] AndroidManifest.xml:56:17-119
138                android:value="com.google.firebase.components.ComponentRegistrar" />
138-->[com.google.firebase:firebase-messaging:23.0.5] AndroidManifest.xml:57:17-82
139            <meta-data
139-->[com.google.firebase:firebase-datatransport:18.1.4] AndroidManifest.xml:28:13-30:85
140                android:name="com.google.firebase.components:com.google.firebase.datatransport.TransportRegistrar"
140-->[com.google.firebase:firebase-datatransport:18.1.4] AndroidManifest.xml:29:17-115
141                android:value="com.google.firebase.components.ComponentRegistrar" />
141-->[com.google.firebase:firebase-datatransport:18.1.4] AndroidManifest.xml:30:17-82
142            <meta-data
142-->[com.google.firebase:firebase-installations:17.0.1] AndroidManifest.xml:18:13-20:85
143                android:name="com.google.firebase.components:com.google.firebase.installations.FirebaseInstallationsRegistrar"
143-->[com.google.firebase:firebase-installations:17.0.1] AndroidManifest.xml:19:17-127
144                android:value="com.google.firebase.components.ComponentRegistrar" />
144-->[com.google.firebase:firebase-installations:17.0.1] AndroidManifest.xml:20:17-82
145        </service>
146
147        <provider
147-->[:react-native-firebase_app] AndroidManifest.xml:20:9-24:38
148            android:name="io.invertase.firebase.app.ReactNativeFirebaseAppInitProvider"
148-->[:react-native-firebase_app] AndroidManifest.xml:21:13-88
149            android:authorities="com.smartdriver.reactnativefirebaseappinitprovider"
149-->[:react-native-firebase_app] AndroidManifest.xml:22:13-86
150            android:exported="false"
150-->[:react-native-firebase_app] AndroidManifest.xml:23:13-37
151            android:initOrder="99" />
151-->[:react-native-firebase_app] AndroidManifest.xml:24:13-35
152        <provider
152-->[:react-native-image-picker] AndroidManifest.xml:10:9-18:20
153            android:name="com.imagepicker.ImagePickerProvider"
153-->[:react-native-image-picker] AndroidManifest.xml:11:13-63
154            android:authorities="com.smartdriver.imagepickerprovider"
154-->[:react-native-image-picker] AndroidManifest.xml:12:13-71
155            android:exported="false"
155-->[:react-native-image-picker] AndroidManifest.xml:13:13-37
156            android:grantUriPermissions="true" >
156-->[:react-native-image-picker] AndroidManifest.xml:14:13-47
157            <meta-data
157-->[:react-native-image-picker] AndroidManifest.xml:15:13-17:70
158                android:name="android.support.FILE_PROVIDER_PATHS"
158-->[:react-native-image-picker] AndroidManifest.xml:16:17-67
159                android:resource="@xml/imagepicker_provider_paths" />
159-->[:react-native-image-picker] AndroidManifest.xml:17:17-67
160        </provider>
161
162        <activity
162-->[com.stripe:financial-connections:20.3.0] AndroidManifest.xml:23:9-42:20
163            android:name="com.stripe.android.financialconnections.FinancialConnectionsSheetRedirectActivity"
163-->[com.stripe:financial-connections:20.3.0] AndroidManifest.xml:24:13-109
164            android:exported="true" >
164-->[com.stripe:financial-connections:20.3.0] AndroidManifest.xml:25:13-36
165            <intent-filter>
165-->[com.stripe:financial-connections:20.3.0] AndroidManifest.xml:26:13-41:29
166                <action android:name="android.intent.action.VIEW" />
166-->[com.stripe:financial-connections:20.3.0] AndroidManifest.xml:16:13-65
166-->[com.stripe:financial-connections:20.3.0] AndroidManifest.xml:16:21-62
167
168                <category android:name="android.intent.category.DEFAULT" />
168-->[com.stripe:financial-connections:20.3.0] AndroidManifest.xml:29:17-76
168-->[com.stripe:financial-connections:20.3.0] AndroidManifest.xml:29:27-73
169                <category android:name="android.intent.category.BROWSABLE" />
169-->[com.stripe:financial-connections:20.3.0] AndroidManifest.xml:30:17-78
169-->[com.stripe:financial-connections:20.3.0] AndroidManifest.xml:30:27-75
170
171                <!-- Accepts success and cancel URIs that begin with "stripe-auth://link-accounts” -->
172                <data
172-->[com.stripe:financial-connections:20.3.0] AndroidManifest.xml:18:13-43
173                    android:host="link-accounts"
174                    android:path="/com.smartdriver/success"
175                    android:scheme="stripe-auth" />
175-->[com.stripe:financial-connections:20.3.0] AndroidManifest.xml:18:19-40
176                <data
176-->[com.stripe:financial-connections:20.3.0] AndroidManifest.xml:18:13-43
177                    android:host="link-accounts"
178                    android:path="/com.smartdriver/cancel"
179                    android:scheme="stripe-auth" />
179-->[com.stripe:financial-connections:20.3.0] AndroidManifest.xml:18:19-40
180            </intent-filter>
181        </activity>
182        <activity
182-->[com.stripe:financial-connections:20.3.0] AndroidManifest.xml:43:9-46:57
183            android:name="com.stripe.android.financialconnections.FinancialConnectionsSheetActivity"
183-->[com.stripe:financial-connections:20.3.0] AndroidManifest.xml:44:13-101
184            android:exported="false"
184-->[com.stripe:financial-connections:20.3.0] AndroidManifest.xml:45:13-37
185            android:theme="@style/StripeDefaultTheme" />
185-->[com.stripe:financial-connections:20.3.0] AndroidManifest.xml:46:13-54
186        <activity
186-->[com.stripe:paymentsheet:20.3.0] AndroidManifest.xml:10:9-13:69
187            android:name="com.stripe.android.paymentsheet.PaymentSheetActivity"
187-->[com.stripe:paymentsheet:20.3.0] AndroidManifest.xml:11:13-80
188            android:exported="false"
188-->[com.stripe:paymentsheet:20.3.0] AndroidManifest.xml:12:13-37
189            android:theme="@style/StripePaymentSheetDefaultTheme" />
189-->[com.stripe:paymentsheet:20.3.0] AndroidManifest.xml:13:13-66
190        <activity
190-->[com.stripe:paymentsheet:20.3.0] AndroidManifest.xml:14:9-17:69
191            android:name="com.stripe.android.paymentsheet.PaymentOptionsActivity"
191-->[com.stripe:paymentsheet:20.3.0] AndroidManifest.xml:15:13-82
192            android:exported="false"
192-->[com.stripe:paymentsheet:20.3.0] AndroidManifest.xml:16:13-37
193            android:theme="@style/StripePaymentSheetDefaultTheme" />
193-->[com.stripe:paymentsheet:20.3.0] AndroidManifest.xml:17:13-66
194        <activity
194-->[com.stripe:link:20.3.0] AndroidManifest.xml:10:9-13:44
195            android:name="com.stripe.android.link.LinkActivity"
195-->[com.stripe:link:20.3.0] AndroidManifest.xml:11:13-64
196            android:exported="false"
196-->[com.stripe:link:20.3.0] AndroidManifest.xml:12:13-37
197            android:label="@string/link" />
197-->[com.stripe:link:20.3.0] AndroidManifest.xml:13:13-41
198        <activity
198-->[com.stripe:payments-ui-core:20.3.0] AndroidManifest.xml:10:9-13:69
199            android:name="com.stripe.android.ui.core.cardscan.CardScanActivity"
199-->[com.stripe:payments-ui-core:20.3.0] AndroidManifest.xml:11:13-80
200            android:exported="false"
200-->[com.stripe:payments-ui-core:20.3.0] AndroidManifest.xml:12:13-37
201            android:theme="@style/StripePaymentSheetDefaultTheme" />
201-->[com.stripe:payments-ui-core:20.3.0] AndroidManifest.xml:13:13-66
202        <activity
202-->[com.stripe:payments-core:20.3.0] AndroidManifest.xml:17:9-20:57
203            android:name="com.stripe.android.view.AddPaymentMethodActivity"
203-->[com.stripe:payments-core:20.3.0] AndroidManifest.xml:18:13-76
204            android:exported="false"
204-->[com.stripe:payments-core:20.3.0] AndroidManifest.xml:19:13-37
205            android:theme="@style/StripeDefaultTheme" />
205-->[com.stripe:payments-core:20.3.0] AndroidManifest.xml:20:13-54
206        <activity
206-->[com.stripe:payments-core:20.3.0] AndroidManifest.xml:21:9-24:57
207            android:name="com.stripe.android.view.PaymentMethodsActivity"
207-->[com.stripe:payments-core:20.3.0] AndroidManifest.xml:22:13-74
208            android:exported="false"
208-->[com.stripe:payments-core:20.3.0] AndroidManifest.xml:23:13-37
209            android:theme="@style/StripeDefaultTheme" />
209-->[com.stripe:payments-core:20.3.0] AndroidManifest.xml:24:13-54
210        <activity
210-->[com.stripe:payments-core:20.3.0] AndroidManifest.xml:25:9-28:57
211            android:name="com.stripe.android.view.PaymentFlowActivity"
211-->[com.stripe:payments-core:20.3.0] AndroidManifest.xml:26:13-71
212            android:exported="false"
212-->[com.stripe:payments-core:20.3.0] AndroidManifest.xml:27:13-37
213            android:theme="@style/StripeDefaultTheme" />
213-->[com.stripe:payments-core:20.3.0] AndroidManifest.xml:28:13-54
214        <activity
214-->[com.stripe:payments-core:20.3.0] AndroidManifest.xml:29:9-33:58
215            android:name="com.stripe.android.view.PaymentAuthWebViewActivity"
215-->[com.stripe:payments-core:20.3.0] AndroidManifest.xml:30:13-78
216            android:exported="false"
216-->[com.stripe:payments-core:20.3.0] AndroidManifest.xml:31:13-37
217            android:theme="@style/StripeDefaultTheme"
217-->[com.stripe:payments-core:20.3.0] AndroidManifest.xml:32:13-54
218            android:windowSoftInputMode="adjustResize" />
218-->[com.stripe:payments-core:20.3.0] AndroidManifest.xml:33:13-55
219        <activity
219-->[com.stripe:payments-core:20.3.0] AndroidManifest.xml:34:9-37:61
220            android:name="com.stripe.android.view.PaymentRelayActivity"
220-->[com.stripe:payments-core:20.3.0] AndroidManifest.xml:35:13-72
221            android:exported="false"
221-->[com.stripe:payments-core:20.3.0] AndroidManifest.xml:36:13-37
222            android:theme="@style/StripeTransparentTheme" />
222-->[com.stripe:payments-core:20.3.0] AndroidManifest.xml:37:13-58
223        <!--
224        Set android:launchMode="singleTop" so that the StripeBrowserLauncherActivity instance that
225        launched the browser Activity will also handle the return URL deep link.
226        -->
227        <activity
227-->[com.stripe:payments-core:20.3.0] AndroidManifest.xml:43:9-47:61
228            android:name="com.stripe.android.payments.StripeBrowserLauncherActivity"
228-->[com.stripe:payments-core:20.3.0] AndroidManifest.xml:44:13-85
229            android:exported="false"
229-->[com.stripe:payments-core:20.3.0] AndroidManifest.xml:45:13-37
230            android:launchMode="singleTask"
230-->[com.stripe:payments-core:20.3.0] AndroidManifest.xml:46:13-44
231            android:theme="@style/StripeTransparentTheme" />
231-->[com.stripe:payments-core:20.3.0] AndroidManifest.xml:47:13-58
232        <activity
232-->[com.stripe:payments-core:20.3.0] AndroidManifest.xml:48:9-65:20
233            android:name="com.stripe.android.payments.StripeBrowserProxyReturnActivity"
233-->[com.stripe:payments-core:20.3.0] AndroidManifest.xml:49:13-88
234            android:exported="true"
234-->[com.stripe:payments-core:20.3.0] AndroidManifest.xml:50:13-36
235            android:launchMode="singleTask"
235-->[com.stripe:payments-core:20.3.0] AndroidManifest.xml:51:13-44
236            android:theme="@style/StripeTransparentTheme" >
236-->[com.stripe:payments-core:20.3.0] AndroidManifest.xml:52:13-58
237            <intent-filter>
237-->[com.stripe:payments-core:20.3.0] AndroidManifest.xml:53:13-64:29
238                <action android:name="android.intent.action.VIEW" />
238-->[com.stripe:financial-connections:20.3.0] AndroidManifest.xml:16:13-65
238-->[com.stripe:financial-connections:20.3.0] AndroidManifest.xml:16:21-62
239
240                <category android:name="android.intent.category.DEFAULT" />
240-->[com.stripe:financial-connections:20.3.0] AndroidManifest.xml:29:17-76
240-->[com.stripe:financial-connections:20.3.0] AndroidManifest.xml:29:27-73
241                <category android:name="android.intent.category.BROWSABLE" />
241-->[com.stripe:financial-connections:20.3.0] AndroidManifest.xml:30:17-78
241-->[com.stripe:financial-connections:20.3.0] AndroidManifest.xml:30:27-75
242
243                <!-- Must match `DefaultReturnUrl#value`. -->
244                <data
244-->[com.stripe:financial-connections:20.3.0] AndroidManifest.xml:18:13-43
245                    android:host="payment_return_url"
246                    android:path="/com.smartdriver"
247                    android:scheme="stripesdk" />
247-->[com.stripe:financial-connections:20.3.0] AndroidManifest.xml:18:19-40
248            </intent-filter>
249        </activity>
250        <activity
250-->[com.stripe:payments-core:20.3.0] AndroidManifest.xml:66:9-69:57
251            android:name="com.stripe.android.payments.core.authentication.threeds2.Stripe3ds2TransactionActivity"
251-->[com.stripe:payments-core:20.3.0] AndroidManifest.xml:67:13-114
252            android:exported="false"
252-->[com.stripe:payments-core:20.3.0] AndroidManifest.xml:68:13-37
253            android:theme="@style/StripeDefaultTheme" />
253-->[com.stripe:payments-core:20.3.0] AndroidManifest.xml:69:13-54
254        <activity
254-->[com.stripe:payments-core:20.3.0] AndroidManifest.xml:70:9-73:66
255            android:name="com.stripe.android.googlepaylauncher.StripeGooglePayActivity"
255-->[com.stripe:payments-core:20.3.0] AndroidManifest.xml:71:13-88
256            android:exported="false"
256-->[com.stripe:payments-core:20.3.0] AndroidManifest.xml:72:13-37
257            android:theme="@style/StripeGooglePayDefaultTheme" />
257-->[com.stripe:payments-core:20.3.0] AndroidManifest.xml:73:13-63
258        <activity
258-->[com.stripe:payments-core:20.3.0] AndroidManifest.xml:74:9-77:66
259            android:name="com.stripe.android.googlepaylauncher.GooglePayLauncherActivity"
259-->[com.stripe:payments-core:20.3.0] AndroidManifest.xml:75:13-90
260            android:exported="false"
260-->[com.stripe:payments-core:20.3.0] AndroidManifest.xml:76:13-37
261            android:theme="@style/StripeGooglePayDefaultTheme" />
261-->[com.stripe:payments-core:20.3.0] AndroidManifest.xml:77:13-63
262        <activity
262-->[com.stripe:payments-core:20.3.0] AndroidManifest.xml:78:9-81:66
263            android:name="com.stripe.android.googlepaylauncher.GooglePayPaymentMethodLauncherActivity"
263-->[com.stripe:payments-core:20.3.0] AndroidManifest.xml:79:13-103
264            android:exported="false"
264-->[com.stripe:payments-core:20.3.0] AndroidManifest.xml:80:13-37
265            android:theme="@style/StripeGooglePayDefaultTheme" />
265-->[com.stripe:payments-core:20.3.0] AndroidManifest.xml:81:13-63
266        <activity
266-->[com.stripe:payments-core:20.3.0] AndroidManifest.xml:82:9-85:62
267            android:name="com.stripe.android.payments.paymentlauncher.PaymentLauncherConfirmationActivity"
267-->[com.stripe:payments-core:20.3.0] AndroidManifest.xml:83:13-107
268            android:exported="false"
268-->[com.stripe:payments-core:20.3.0] AndroidManifest.xml:84:13-37
269            android:theme="@style/PayLauncherDefaultTheme" />
269-->[com.stripe:payments-core:20.3.0] AndroidManifest.xml:85:13-59
270        <activity
270-->[com.stripe:payments-core:20.3.0] AndroidManifest.xml:86:9-89:61
271            android:name="com.stripe.android.payments.bankaccount.ui.CollectBankAccountActivity"
271-->[com.stripe:payments-core:20.3.0] AndroidManifest.xml:87:13-97
272            android:exported="false"
272-->[com.stripe:payments-core:20.3.0] AndroidManifest.xml:88:13-37
273            android:theme="@style/StripeTransparentTheme" />
273-->[com.stripe:payments-core:20.3.0] AndroidManifest.xml:89:13-58
274        <activity
274-->[com.stripe:stripe-3ds2-android:6.1.5] AndroidManifest.xml:10:9-13:54
275            android:name="com.stripe.android.stripe3ds2.views.ChallengeActivity"